1769842123605	geckodriver	INFO	Listening on 127.0.0.1:52340
1769842126672	mozrunner::runner	INFO	Running command: "C:\\Program Files\\Mozilla Firefox\\firefox.exe" "--marionette" "-profile" "C:\\Users\\ASUS\\AppData\\Local\\Temp\\firefox_profile_91_p8f2hhpf" "--remote-debugging-port" "52341" "--remote-allow-hosts" "localhost" "-no-remote"
console.warn: services.settings: Ignoring preference override of remote settings server
console.warn: services.settings: Allow by setting MOZ_REMOTE_SETTINGS_DEVTOOLS=1 in the environment
Dynamically enable window occlusion 0
1769842127479	Marionette	INFO	Marionette enabled
1769842127549	Marionette	INFO	Listening on port 52367
WebDriver BiDi listening on ws://127.0.0.1:52341
Read port: 52367
1769842127633	RemoteAgent	WARN	TLS certificate errors will be ignored for this session
JavaScript error: https://res.public.onecdn.static.microsoft/owamail/hashed-v1/scripts/owa.mail.runtime.29311ee3.js, line 1: ChunkLoadError: Loading chunk 19444 failed.
(error: https://res.public.onecdn.static.microsoft/owamail/hashed-v1/scripts/owa.19444.m.8e3ccd6e.js)
JavaScript error: https://www.microsoft.com/etc.clientlibs/onecloud/clientlibs/clientlib-localstorage.ACSHASHb884ef4864d6867bd00aa4a7a5cfb368.min.js, line 1: SyntaxError: redeclaration of let LocalStorageUtil
JavaScript error: https://www.microsoft.com/etc.clientlibs/onecloud/clientlibs/clientlib-localstorage.ACSHASHb884ef4864d6867bd00aa4a7a5cfb368.min.js, line 1: SyntaxError: redeclaration of let LocalStorageUtil
JavaScript error: https://www.microsoft.com/etc.clientlibs/onecloud/clientlibs/clientlib-localstorage.ACSHASHb884ef4864d6867bd00aa4a7a5cfb368.min.js, line 1: SyntaxError: redeclaration of let LocalStorageUtil
JavaScript error: https://www.microsoft.com/etc.clientlibs/onecloud/clientlibs/clientlib-localstorage.ACSHASHb884ef4864d6867bd00aa4a7a5cfb368.min.js, line 1: SyntaxError: redeclaration of let LocalStorageUtil
JavaScript error: https://www.microsoft.com/etc.clientlibs/onecloud/clientlibs/clientlib-localstorage.ACSHASHb884ef4864d6867bd00aa4a7a5cfb368.min.js, line 1: SyntaxError: redeclaration of let LocalStorageUtil
JavaScript error: https://www.microsoft.com/etc.clientlibs/onecloud/clientlibs/clientlib-localstorage.ACSHASHb884ef4864d6867bd00aa4a7a5cfb368.min.js, line 1: SyntaxError: redeclaration of let LocalStorageUtil
JavaScript error: https://www.microsoft.com/etc.clientlibs/onecloud/clientlibs/clientlib-localstorage.ACSHASHb884ef4864d6867bd00aa4a7a5cfb368.min.js, line 1: SyntaxError: redeclaration of let LocalStorageUtil
JavaScript error: https://www.microsoft.com/golf/etc.clientlibs/onecloud/clientlibs/clientlib-reimagine/main-light.ACSHASHcc031e342c12bdf63196826df67f377a.min.js, line 979: TypeError: can't access property "closest", this.tabPanel is null
1769842132931	Marionette	WARN	Ignoring event 'DOMContentLoaded' because document has an invalid readyState of 'complete'.
JavaScript error: https://res.public.onecdn.static.microsoft/owamail/hashed-v1/scripts/owa.mail.runtime.29311ee3.js, line 1: ChunkLoadError: Loading chunk 19444 failed.
(error: https://res.public.onecdn.static.microsoft/owamail/hashed-v1/scripts/owa.19444.m.8e3ccd6e.js)
JavaScript error: https://res.public.onecdn.static.microsoft/owamail/hashed-v1/scripts/owa.mail.runtime.29311ee3.js, line 1: ChunkLoadError: Loading chunk 15509 failed.
(error: https://res.public.onecdn.static.microsoft/owamail/hashed-v1/scripts/owa.15509.m.c29b4020.js)
console.warn: LoginRecipes: "Falling back to a synchronous message for: https://login.microsoftonline.com."
JavaScript warning: https://aadcdn.msauth.net/shared/1.0/content/js/ConvergedLogin_PCore_rSGxz-l0oiYlHQlR2WHEXA2.js, line 18: Script terminated by timeout at:
o/</e.prototype.validKeysPresent@https://aadcdn.msauth.net/shared/1.0/content/js/ConvergedLogin_PCore_rSGxz-l0oiYlHQlR2WHEXA2.js:18:156344
o/</e.prototype.post@https://aadcdn.msauth.net/shared/1.0/content/js/ConvergedLogin_PCore_rSGxz-l0oiYlHQlR2WHEXA2.js:18:156076
o/</e.prototype.post@https://aadcdn.msauth.net/shared/1.0/content/js/ConvergedLogin_PCore_rSGxz-l0oiYlHQlR2WHEXA2.js:18:163262
t@https://aadcdn.msauth.net/shared/1.0/content/js/ConvergedLogin_PCore_rSGxz-l0oiYlHQlR2WHEXA2.js:18:164695

JavaScript warning: https://fpt.live.com/?session_id=2e177d740ad967f7c579b6e2424c31c7&CustomerId=33e01921-4d64-4f8c-a055-5bdaffd5e33d&PageId=SI, line 5: WEBGL_debug_renderer_info is deprecated in Firefox and will be removed. Please use RENDERER.
console.warn: LoginRecipes: "Falling back to a synchronous message for: https://login.live.com."
console.warn: LoginRecipes: "Falling back to a synchronous message for: https://login.live.com."
console.error: [Exception... "Component is not available"  nsresult: "0x80040111 (NS_ERROR_NOT_AVAILABLE)"  location: "<unknown>"  data: no]
JavaScript warning: https://res-1.cdn.office.net/midgard/versionless/livepersonacard_without-react_6c8a2632d7c766dc8a85.js, line 2: unreachable code after return statement
console.warn: WindowsJumpLists: "Failed to fetch favicon for " "https://www.microsoft.com/en-us/microsoft-365/outlook/email-and-calendar-software-microsoft-outlook?deeplink=%2Fmail%2F0%2F&sdf=0" [Exception... "Failure"  nsresult: "0x80004005 (NS_ERROR_FAILURE)"  location: "<unknown>"  data: no]
console.warn: WindowsJumpLists: "Failed to fetch favicon for " "https://www.microsoft.com/en-us/microsoft-365/outlook/email-and-calendar-software-microsoft-outlook?deeplink=%2Fmail%2F0%2F&sdf=0" [Exception... "Failure"  nsresult: "0x80004005 (NS_ERROR_FAILURE)"  location: "<unknown>"  data: no]
console.warn: WindowsJumpLists: "Failed to fetch favicon for " "https://www.microsoft.com/en-us/microsoft-365/outlook/email-and-calendar-software-microsoft-outlook?deeplink=%2Fmail%2F0%2F&sdf=0" [Exception... "Failure"  nsresult: "0x80004005 (NS_ERROR_FAILURE)"  location: "<unknown>"  data: no]
1769843233323	Marionette	INFO	Stopped listening on port 52367
Dynamically enable window occlusion 1
console.warn: TopSitesFeed: Failed to fetch data from MARS server: NetworkError when attempting to fetch resource.
